<?xml version="1.0" encoding="UTF-8"?>
<!-- Generated by org.testng.reporters.JUnitReportReporter -->
<testsuite skipped="1" hostname="DESKTOP-AVN7JFN" name="testng.EnableDisableDemo" tests="3" failures="0" timestamp="2020-09-27T06:34:39 EDT" time="0.004" errors="0">
  <testcase name="editUser" time="0.002" classname="testng.EnableDisableDemo"/>
  <system-out/>
  <testcase name="createUser" time="0.002" classname="testng.EnableDisableDemo"/>
  <system-out/>
  <testcase name="deleteUser" classname="testng.EnableDisableDemo">
    <skipped/>
  </testcase> <!-- deleteUser -->
  <system-out/>
</testsuite> <!-- testng.EnableDisableDemo -->
