<?xml version="1.0" encoding="UTF-8"?>
<!-- Generated by org.testng.reporters.JUnitReportReporter -->
<testsuite skipped="0" hostname="DESKTOP-AVN7JFN" name="pom.TestScripts" tests="1" failures="0" timestamp="2020-07-02T20:03:39 EDT" time="12.503" errors="0">
  <testcase name="login" time="12.503" classname="pom.TestScripts"/>
  <system-out/>
</testsuite> <!-- pom.TestScripts -->
