<?xml version="1.0" encoding="UTF-8"?>
<!-- Generated by org.testng.reporters.JUnitReportReporter -->
<testsuite skipped="0" hostname="DESKTOP-AVN7JFN" name="testng.AnnotationW" tests="3" failures="0" timestamp="2020-09-27T06:34:39 EDT" time="0.026" errors="0">
  <testcase name="testSecond" time="0.004" classname="testng.AnnotationW"/>
  <system-out/>
  <testcase name="testFirst" time="0.011" classname="testng.AnnotationW"/>
  <system-out/>
  <testcase name="testThird" time="0.011" classname="testng.AnnotationW"/>
  <system-out/>
</testsuite> <!-- testng.AnnotationW -->
