<?xml version="1.0" encoding="UTF-8"?>
<!-- Generated by org.testng.reporters.JUnitReportReporter -->
<testsuite skipped="0" hostname="DESKTOP-AVN7JFN" name="testng.DependsOnDemo" tests="3" failures="0" timestamp="2020-09-27T06:34:39 EDT" time="0.008" errors="0">
  <testcase name="editUser" time="0.003" classname="testng.DependsOnDemo"/>
  <system-out/>
  <testcase name="createUser" time="0.003" classname="testng.DependsOnDemo"/>
  <system-out/>
  <testcase name="deleteUser" time="0.002" classname="testng.DependsOnDemo"/>
  <system-out/>
</testsuite> <!-- testng.DependsOnDemo -->
