<?xml version="1.0" encoding="UTF-8"?>
<!-- Generated by org.testng.reporters.JUnitReportReporter -->
<testsuite skipped="0" hostname="DESKTOP-AVN7JFN" name="testng.DemoA" tests="1" failures="0" timestamp="2020-09-27T06:34:39 EDT" time="0.002" errors="0">
  <testcase name="demoMethod" time="0.002" classname="testng.DemoA"/>
  <system-out/>
</testsuite> <!-- testng.DemoA -->
